  ConsoleApplication1.cpp
d:\巴黎\projettest\consoleapplication1\consoleapplication1\consoleapplication1.cpp(133): warning C4244: “参数”: 从“int”转换到“_Tp”，可能丢失数据
          with
          [
              _Tp=float
          ]
d:\巴黎\projettest\consoleapplication1\consoleapplication1\consoleapplication1.cpp(134): warning C4244: “参数”: 从“int”转换到“_Tp”，可能丢失数据
          with
          [
              _Tp=float
          ]
d:\巴黎\projettest\consoleapplication1\consoleapplication1\consoleapplication1.cpp(135): warning C4244: “参数”: 从“int”转换到“_Tp”，可能丢失数据
          with
          [
              _Tp=float
          ]
d:\巴黎\projettest\consoleapplication1\consoleapplication1\consoleapplication1.cpp(136): warning C4244: “参数”: 从“int”转换到“_Tp”，可能丢失数据
          with
          [
              _Tp=float
          ]
  ConsoleApplication1.vcxproj -> D:\巴黎\projettest\ConsoleApplication1\x64\Debug\ConsoleApplication1.exe
